[0702/001355.629:ERROR:process_memory_win.cc(73)] ReadMemory at 0x188e2fe0000 of 64 bytes failed: Only part of a ReadProcessMemory or WriteProcessMemory request was completed. (0x12B)
[0702/001356.729:WARNING:pe_image_reader.cc(340)] could not read dos header from C:\WINDOWS\System32\sechost.dll
[0702/001356.729:ERROR:process_memory_win.cc(73)] ReadMemory at 0x7ffb14ba0000 of 64 bytes failed: Only part of a ReadProcessMemory or WriteProcessMemory request was completed. (0x12B)
[0702/001356.729:WARNING:pe_image_reader.cc(340)] could not read dos header from C:\WINDOWS\System32\shlwapi.dll
[0702/001356.729:ERROR:process_memory_win.cc(73)] ReadMemory at 0x7ffb14d10000 of 64 bytes failed: Only part of a ReadProcessMemory or WriteProcessMemory request was completed. (0x12B)
[0702/001358.213:WARNING:pe_image_reader.cc(340)] could not read dos header from C:\WINDOWS\System32\GDI32.dll
[0702/001358.213:ERROR:process_memory_win.cc(73)] ReadMemory at 0x7ffb13060000 of 64 bytes failed: Only part of a ReadProcessMemory or WriteProcessMemory request was completed. (0x12B)
[0702/001358.213:WARNING:pe_image_reader.cc(340)] could not read dos header from C:\WINDOWS\System32\gdi32full.dll
[0702/001358.213:ERROR:process_memory_win.cc(73)] ReadMemory at 0x7ffb13c50000 of 64 bytes failed: Only part of a ReadProcessMemory or WriteProcessMemory request was completed. (0x12B)
[0702/001358.213:WARNING:pe_image_reader.cc(340)] could not read dos header from C:\WINDOWS\System32\msvcp_win.dll
[0702/001358.213:ERROR:process_memory_win.cc(73)] ReadMemory at 0x7ffb14180000 of 64 bytes failed: Only part of a ReadProcessMemory or WriteProcessMemory request was completed. (0x12B)
[0702/001358.213:WARNING:pe_image_reader.cc(340)] could not read dos header from C:\WINDOWS\System32\USER32.dll
[0702/001358.213:ERROR:process_memory_win.cc(73)] ReadMemory at 0x7ffb13c30000 of 64 bytes failed: Only part of a ReadProcessMemory or WriteProcessMemory request was completed. (0x12B)
[0702/001358.213:WARNING:pe_image_reader.cc(340)] could not read dos header from C:\WINDOWS\System32\win32u.dll
[0702/001358.213:ERROR:process_memory_win.cc(73)] ReadMemory at 0x7ffb13040000 of 64 bytes failed: Only part of a ReadProcessMemory or WriteProcessMemory request was completed. (0x12B)
[0702/001358.213:WARNING:pe_image_reader.cc(340)] could not read dos header from C:\WINDOWS\System32\kernel.appcore.dll
[0702/001358.213:ERROR:process_memory_win.cc(73)] ReadMemory at 0x7ffb13000000 of 64 bytes failed: Only part of a ReadProcessMemory or WriteProcessMemory request was completed. (0x12B)
[0702/001358.213:WARNING:pe_image_reader.cc(340)] could not read dos header from C:\WINDOWS\System32\profapi.dll
[0702/001358.213:ERROR:process_memory_win.cc(73)] ReadMemory at 0x7ffb12fa0000 of 64 bytes failed: Only part of a ReadProcessMemory or WriteProcessMemory request was completed. (0x12B)
[0702/001358.213:WARNING:pe_image_reader.cc(340)] could not read dos header from C:\WINDOWS\System32\powrprof.dll
[0702/001358.213:ERROR:process_memory_win.cc(73)] ReadMemory at 0x7ffb12ff0000 of 64 bytes failed: Only part of a ReadProcessMemory or WriteProcessMemory request was completed. (0x12B)
[0702/001358.213:WARNING:pe_image_reader.cc(340)] could not read dos header from C:\WINDOWS\System32\FLTLIB.DLL
[0702/001358.213:ERROR:process_memory_win.cc(73)] ReadMemory at 0x7ffb019d0000 of 64 bytes failed: Only part of a ReadProcessMemory or WriteProcessMemory request was completed. (0x12B)
[0702/001358.213:WARNING:pe_image_reader.cc(340)] could not read dos header from C:\Program Files (x86)\Google\Chrome\Application\75.0.3770.100\chrome_elf.dll
[0702/001358.213:ERROR:process_memory_win.cc(73)] ReadMemory at 0x7ffb0c440000 of 64 bytes failed: Only part of a ReadProcessMemory or WriteProcessMemory request was completed. (0x12B)
[0702/001358.214:WARNING:pe_image_reader.cc(340)] could not read dos header from C:\WINDOWS\SYSTEM32\VERSION.dll
[0702/001358.214:ERROR:process_memory_win.cc(73)] ReadMemory at 0x7ffb106e0000 of 64 bytes failed: Only part of a ReadProcessMemory or WriteProcessMemory request was completed. (0x12B)
[0702/001358.311:WARNING:pe_image_reader.cc(340)] could not read dos header from C:\WINDOWS\SYSTEM32\WINMM.dll
[0702/001358.311:ERROR:process_memory_win.cc(73)] ReadMemory at 0x7ffb12ea0000 of 64 bytes failed: Only part of a ReadProcessMemory or WriteProcessMemory request was completed. (0x12B)
[0702/001358.311:WARNING:pe_image_reader.cc(340)] could not read dos header from C:\WINDOWS\SYSTEM32\USERENV.dll
[0702/001358.311:ERROR:process_memory_win.cc(73)] ReadMemory at 0x7ffb106b0000 of 64 bytes failed: Only part of a ReadProcessMemory or WriteProcessMemory request was completed. (0x12B)
[0702/001358.311:WARNING:pe_image_reader.cc(340)] could not read dos header from C:\WINDOWS\SYSTEM32\WINMMBASE.dll
[0702/001358.311:ERROR:process_memory_win.cc(73)] ReadMemory at 0x7ffb129d0000 of 64 bytes failed: Only part of a ReadProcessMemory or WriteProcessMemory request was completed. (0x12B)
[0702/001358.311:WARNING:pe_image_reader.cc(340)] could not read dos header from C:\WINDOWS\SYSTEM32\CRYPTBASE.DLL
[0702/001358.311:ERROR:process_memory_win.cc(73)] ReadMemory at 0x7ffb145d0000 of 64 bytes failed: Only part of a ReadProcessMemory or WriteProcessMemory request was completed. (0x12B)
[0702/001358.311:WARNING:pe_image_reader.cc(340)] could not read dos header from C:\WINDOWS\System32\IMM32.DLL
[0702/001358.311:ERROR:process_memory_win.cc(73)] ReadMemory at 0x7ffad6c20000 of 64 bytes failed: Only part of a ReadProcessMemory or WriteProcessMemory request was completed. (0x12B)
[0702/001358.311:WARNING:pe_image_reader.cc(340)] could not read dos header from C:\Program Files (x86)\Google\Chrome\Application\75.0.3770.100\chrome_child.dll
[0702/001358.311:ERROR:process_memory_win.cc(73)] ReadMemory at 0x7ffb14ca0000 of 64 bytes failed: Only part of a ReadProcessMemory or WriteProcessMemory request was completed. (0x12B)
[0702/001358.311:WARNING:pe_image_reader.cc(340)] could not read dos header from C:\WINDOWS\System32\WS2_32.dll
[0702/001358.311:ERROR:process_memory_win.cc(73)] ReadMemory at 0x7ffb16980000 of 64 bytes failed: Only part of a ReadProcessMemory or WriteProcessMemory request was completed. (0x12B)
[0702/001358.311:WARNING:pe_image_reader.cc(340)] could not read dos header from C:\WINDOWS\System32\ole32.dll
[0702/001358.311:ERROR:process_memory_win.cc(73)] ReadMemory at 0x7ffb167c0000 of 64 bytes failed: Only part of a ReadProcessMemory or WriteProcessMemory request was completed. (0x12B)
[0702/001358.311:WARNING:pe_image_reader.cc(340)] could not read dos header from C:\WINDOWS\System32\OLEAUT32.dll
[0702/001358.311:ERROR:process_memory_win.cc(73)] ReadMemory at 0x7ffb13200000 of 64 bytes failed: Only part of a ReadProcessMemory or WriteProcessMemory request was completed. (0x12B)
[0702/001358.311:WARNING:pe_image_reader.cc(340)] could not read dos header from C:\WINDOWS\System32\WINTRUST.dll
[0702/001358.311:ERROR:process_memory_win.cc(73)] ReadMemory at 0x7ffb13020000 of 64 bytes failed: Only part of a ReadProcessMemory or WriteProcessMemory request was completed. (0x12B)
[0702/001358.311:WARNING:pe_image_reader.cc(340)] could not read dos header from C:\WINDOWS\System32\MSASN1.dll
[0702/001358.311:ERROR:process_memory_win.cc(73)] ReadMemory at 0x7ffb13a40000 of 64 bytes failed: Only part of a ReadProcessMemory or WriteProcessMemory request was completed. (0x12B)
[0702/001358.311:WARNING:pe_image_reader.cc(340)] could not read dos header from C:\WINDOWS\System32\CRYPT32.dll
[0702/001358.311:ERROR:process_memory_win.cc(73)] ReadMemory at 0x7ffb16890000 of 64 bytes failed: Only part of a ReadProcessMemory or WriteProcessMemory request was completed. (0x12B)
[0702/001358.311:WARNING:pe_image_reader.cc(340)] could not read dos header from C:\WINDOWS\System32\COMDLG32.dll
[0702/001358.311:ERROR:process_memory_win.cc(73)] ReadMemory at 0x7ffb125b0000 of 64 bytes failed: Only part of a ReadProcessMemory or WriteProcessMemory request was completed. (0x12B)
[0702/001358.311:WARNING:pe_image_reader.cc(340)] could not read dos header from C:\WINDOWS\SYSTEM32\IPHLPAPI.DLL
[0702/001358.312:ERROR:process_memory_win.cc(73)] ReadMemory at 0x7ffb08920000 of 64 bytes failed: Only part of a ReadProcessMemory or WriteProcessMemory request was completed. (0x12B)
[0702/001358.615:WARNING:pe_image_reader.cc(340)] could not read dos header from C:\WINDOWS\SYSTEM32\OLEACC.dll
[0702/001358.615:ERROR:process_memory_win.cc(73)] ReadMemory at 0x7ffaeada0000 of 64 bytes failed: Only part of a ReadProcessMemory or WriteProcessMemory request was completed. (0x12B)
[0702/001358.615:WARNING:pe_image_reader.cc(340)] could not read dos header from C:\WINDOWS\SYSTEM32\UIAutomationCore.DLL
[0702/001358.615:ERROR:process_memory_win.cc(73)] ReadMemory at 0x7ffb11b80000 of 64 bytes failed: Only part of a ReadProcessMemory or WriteProcessMemory request was completed. (0x12B)
[0702/001358.615:WARNING:pe_image_reader.cc(340)] could not read dos header from C:\WINDOWS\SYSTEM32\WTSAPI32.dll
[0702/001358.615:ERROR:process_memory_win.cc(73)] ReadMemory at 0x7ffb011b0000 of 64 bytes failed: Only part of a ReadProcessMemory or WriteProcessMemory request was completed. (0x12B)
[0702/001358.615:WARNING:pe_image_reader.cc(340)] could not read dos header from C:\WINDOWS\SYSTEM32\DWrite.dll
[0702/001358.615:ERROR:process_memory_win.cc(73)] ReadMemory at 0x7ffb11d20000 of 64 bytes failed: Only part of a ReadProcessMemory or WriteProcessMemory request was completed. (0x12B)
[0702/001358.615:WARNING:pe_image_reader.cc(340)] could not read dos header from C:\WINDOWS\SYSTEM32\dxgi.dll
[0702/001358.615:ERROR:process_memory_win.cc(73)] ReadMemory at 0x7ffb08b40000 of 64 bytes failed: Only part of a ReadProcessMemory or WriteProcessMemory request was completed. (0x12B)
[0702/001358.615:WARNING:pe_image_reader.cc(340)] could not read dos header from C:\WINDOWS\SYSTEM32\WINSPOOL.DRV
[0702/001358.615:ERROR:process_memory_win.cc(73)] ReadMemory at 0x7ffb119b0000 of 64 bytes failed: Only part of a ReadProcessMemory or WriteProcessMemory request was completed. (0x12B)
[0702/001358.615:WARNING:pe_image_reader.cc(340)] could not read dos header from C:\WINDOWS\SYSTEM32\dbghelp.dll
[0702/001358.615:ERROR:process_memory_win.cc(73)] ReadMemory at 0x7ffb08bd0000 of 64 bytes failed: Only part of a ReadProcessMemory or WriteProcessMemory request was completed. (0x12B)
[0702/001358.615:WARNING:pe_image_reader.cc(340)] could not read dos header from C:\WINDOWS\WinSxS\amd64_microsoft.windows.common-controls_6595b64144ccf1df_6.0.17134.829_none_fb46a5473061b9d5\COMCTL32.dll
[0702/001358.615:ERROR:process_memory_win.cc(73)] ReadMemory at 0x7ffafc3d0000 of 64 bytes failed: Only part of a ReadProcessMemory or WriteProcessMemory request was completed. (0x12B)
[0702/001358.615:WARNING:pe_image_reader.cc(340)] could not read dos header from C:\WINDOWS\SYSTEM32\USP10.dll
[0702/001358.615:ERROR:process_memory_win.cc(73)] ReadMemory at 0x7ffb090e0000 of 64 bytes failed: Only part of a ReadProcessMemory or WriteProcessMemory request was completed. (0x12B)
[0702/001358.615:WARNING:pe_image_reader.cc(340)] could not read dos header from C:\WINDOWS\SYSTEM32\WINHTTP.dll
[0702/001358.615:ERROR:process_memory_win.cc(73)] ReadMemory at 0x7ffb01d40000 of 64 bytes failed: Only part of a ReadProcessMemory or WriteProcessMemory request was completed. (0x12B)
[0702/001358.615:WARNING:pe_image_reader.cc(340)] could not read dos header from C:\WINDOWS\SYSTEM32\urlmon.dll
[0702/001358.615:ERROR:process_memory_win.cc(73)] ReadMemory at 0x7ffaffdc0000 of 64 bytes failed: Only part of a ReadProcessMemory or WriteProcessMemory request was completed. (0x12B)
[0702/001358.615:WARNING:pe_image_reader.cc(340)] could not read dos header from C:\WINDOWS\SYSTEM32\Secur32.dll
[0702/001358.615:ERROR:process_memory_win.cc(73)] ReadMemory at 0x7ffb0cf70000 of 64 bytes failed: Only part of a ReadProcessMemory or WriteProcessMemory request was completed. (0x12B)
[0702/001358.615:WARNING:pe_image_reader.cc(340)] could not read dos header from C:\WINDOWS\SYSTEM32\dhcpcsvc.DLL
[0702/001358.615:ERROR:process_memory_win.cc(73)] ReadMemory at 0x7ffb16700000 of 64 bytes failed: Only part of a ReadProcessMemory or WriteProcessMemory request was completed. (0x12B)
[0702/001358.615:WARNING:pe_image_reader.cc(340)] could not read dos header from C:\WINDOWS\System32\NSI.dll
[0702/001358.615:ERROR:process_memory_win.cc(73)] ReadMemory at 0x7ffb10eb0000 of 64 bytes failed: Only part of a ReadProcessMemory or WriteProcessMemory request was completed. (0x12B)
[0702/001358.615:WARNING:pe_image_reader.cc(340)] could not read dos header from C:\WINDOWS\SYSTEM32\PROPSYS.dll
[0702/001358.615:ERROR:process_memory_win.cc(73)] ReadMemory at 0x7ffb12b00000 of 64 bytes failed: Only part of a ReadProcessMemory or WriteProcessMemory request was completed. (0x12B)
[0702/001358.615:WARNING:pe_image_reader.cc(340)] could not read dos header from C:\WINDOWS\SYSTEM32\bcrypt.dll
[0702/001358.615:ERROR:process_memory_win.cc(73)] ReadMemory at 0x7ffb07620000 of 64 bytes failed: Only part of a ReadProcessMemory or WriteProcessMemory request was completed. (0x12B)
[0702/001358.615:WARNING:pe_image_reader.cc(340)] could not read dos header from C:\WINDOWS\SYSTEM32\iertutil.dll
[0702/001358.615:ERROR:process_memory_win.cc(73)] ReadMemory at 0x7ffb12ed0000 of 64 bytes failed: Only part of a ReadProcessMemory or WriteProcessMemory request was completed. (0x12B)
[0702/001358.615:WARNING:pe_image_reader.cc(340)] could not read dos header from C:\WINDOWS\SYSTEM32\SSPICLI.DLL
[0702/001358.915:ERROR:process_memory_win.cc(73)] ReadMemory at 0x6db7ff4000 of 49152 bytes failed: Only part of a ReadProcessMemory or WriteProcessMemory request was completed. (0x12B)
[0702/001358.915:ERROR:process_memory_win.cc(73)] ReadMemory at 0x6db81fd000 of 12288 bytes failed: Only part of a ReadProcessMemory or WriteProcessMemory request was completed. (0x12B)
[0702/001358.915:ERROR:process_memory_win.cc(73)] ReadMemory at 0x6db85fc000 of 16384 bytes failed: Only part of a ReadProcessMemory or WriteProcessMemory request was completed. (0x12B)
[0702/001358.915:ERROR:process_memory_win.cc(73)] ReadMemory at 0x6db87fc000 of 16384 bytes failed: Only part of a ReadProcessMemory or WriteProcessMemory request was completed. (0x12B)
[0702/001358.915:ERROR:process_memory_win.cc(73)] ReadMemory at 0x6db89ff000 of 4096 bytes failed: Only part of a ReadProcessMemory or WriteProcessMemory request was completed. (0x12B)
[0702/001358.916:ERROR:process_memory_win.cc(73)] ReadMemory at 0x6db8bfd000 of 12288 bytes failed: Only part of a ReadProcessMemory or WriteProcessMemory request was completed. (0x12B)
[0702/001358.916:ERROR:process_memory_win.cc(73)] ReadMemory at 0x6db8dfb000 of 20480 bytes failed: Only part of a ReadProcessMemory or WriteProcessMemory request was completed. (0x12B)
[0702/001358.916:ERROR:process_memory_win.cc(73)] ReadMemory at 0x6db91fd000 of 12288 bytes failed: Only part of a ReadProcessMemory or WriteProcessMemory request was completed. (0x12B)
[0702/001358.916:ERROR:process_memory_win.cc(73)] ReadMemory at 0x6db93f8000 of 32768 bytes failed: Only part of a ReadProcessMemory or WriteProcessMemory request was completed. (0x12B)
[0702/001358.916:ERROR:process_memory_win.cc(73)] ReadMemory at 0x6db95fd000 of 12288 bytes failed: Only part of a ReadProcessMemory or WriteProcessMemory request was completed. (0x12B)
[0702/001358.916:ERROR:process_memory_win.cc(73)] ReadMemory at 0x6db97fd000 of 12288 bytes failed: Only part of a ReadProcessMemory or WriteProcessMemory request was completed. (0x12B)
[0702/001358.916:ERROR:process_memory_win.cc(73)] ReadMemory at 0x6db99fd000 of 12288 bytes failed: Only part of a ReadProcessMemory or WriteProcessMemory request was completed. (0x12B)
[0702/001358.917:ERROR:process_memory_win.cc(73)] ReadMemory at 0x6db83ff000 of 4096 bytes failed: Only part of a ReadProcessMemory or WriteProcessMemory request was completed. (0x12B)
[0702/001358.917:ERROR:process_memory_win.cc(73)] ReadMemory at 0x6db7d8b000 of 852 bytes failed: Only part of a ReadProcessMemory or WriteProcessMemory request was completed. (0x12B)
[0702/001358.917:ERROR:process_memory_win.cc(73)] ReadMemory at 0x6db7d8c000 of 6024 bytes failed: Only part of a ReadProcessMemory or WriteProcessMemory request was completed. (0x12B)
[0702/001358.917:ERROR:process_memory_win.cc(73)] ReadMemory at 0x6db7d8e000 of 6024 bytes failed: Only part of a ReadProcessMemory or WriteProcessMemory request was completed. (0x12B)
[0702/001358.917:ERROR:process_memory_win.cc(73)] ReadMemory at 0x6db7d92000 of 6024 bytes failed: Only part of a ReadProcessMemory or WriteProcessMemory request was completed. (0x12B)
[0702/001358.917:ERROR:process_memory_win.cc(73)] ReadMemory at 0x6db7d94000 of 6024 bytes failed: Only part of a ReadProcessMemory or WriteProcessMemory request was completed. (0x12B)
[0702/001358.917:ERROR:process_memory_win.cc(73)] ReadMemory at 0x6db7d96000 of 6024 bytes failed: Only part of a ReadProcessMemory or WriteProcessMemory request was completed. (0x12B)
[0702/001358.917:ERROR:process_memory_win.cc(73)] ReadMemory at 0x6db7d98000 of 6024 bytes failed: Only part of a ReadProcessMemory or WriteProcessMemory request was completed. (0x12B)
[0702/001358.917:ERROR:process_memory_win.cc(73)] ReadMemory at 0x6db7d9a000 of 6024 bytes failed: Only part of a ReadProcessMemory or WriteProcessMemory request was completed. (0x12B)
[0702/001358.917:ERROR:process_memory_win.cc(73)] ReadMemory at 0x6db7d9e000 of 6024 bytes failed: Only part of a ReadProcessMemory or WriteProcessMemory request was completed. (0x12B)
[0702/001358.917:ERROR:process_memory_win.cc(73)] ReadMemory at 0x6db7da0000 of 6024 bytes failed: Only part of a ReadProcessMemory or WriteProcessMemory request was completed. (0x12B)
[0702/001358.917:ERROR:process_memory_win.cc(73)] ReadMemory at 0x6db7da2000 of 6024 bytes failed: Only part of a ReadProcessMemory or WriteProcessMemory request was completed. (0x12B)
[0702/001358.917:ERROR:process_memory_win.cc(73)] ReadMemory at 0x6db7da4000 of 6024 bytes failed: Only part of a ReadProcessMemory or WriteProcessMemory request was completed. (0x12B)
[0702/001358.917:ERROR:process_memory_win.cc(73)] ReadMemory at 0x6db7da6000 of 6024 bytes failed: Only part of a ReadProcessMemory or WriteProcessMemory request was completed. (0x12B)
[0702/001358.917:ERROR:process_memory_win.cc(73)] ReadMemory at 0x6db7daa000 of 6024 bytes failed: Only part of a ReadProcessMemory or WriteProcessMemory request was completed. (0x12B)
[0702/001358.918:ERROR:process_memory_win.cc(73)] ReadMemory at 0x188e3083ac0 of 512 bytes failed: Only part of a ReadProcessMemory or WriteProcessMemory request was completed. (0x12B)
[0702/001358.918:ERROR:process_memory_win.cc(73)] ReadMemory at 0x188e3090000 of 384 bytes failed: Only part of a ReadProcessMemory or WriteProcessMemory request was completed. (0x12B)
[0702/001358.918:ERROR:process_memory_win.cc(73)] ReadMemory at 0x188e3090fc0 of 18544 bytes failed: Only part of a ReadProcessMemory or WriteProcessMemory request was completed. (0x12B)
[0702/001358.918:ERROR:process_memory_win.cc(73)] ReadMemory at 0x188e3095840 of 1012 bytes failed: Only part of a ReadProcessMemory or WriteProcessMemory request was completed. (0x12B)
[0702/001358.918:ERROR:process_memory_win.cc(73)] ReadMemory at 0x188e3095e58 of 118 bytes failed: Only part of a ReadProcessMemory or WriteProcessMemory request was completed. (0x12B)
[0702/001358.918:ERROR:process_memory_win.cc(73)] ReadMemory at 0x188e3095ed0 of 1006 bytes failed: Only part of a ReadProcessMemory or WriteProcessMemory request was completed. (0x12B)
[0702/001358.918:ERROR:process_memory_win.cc(73)] ReadMemory at 0x188e30962c0 of 118 bytes failed: Only part of a ReadProcessMemory or WriteProcessMemory request was completed. (0x12B)
[0702/001358.918:ERROR:process_memory_win.cc(73)] ReadMemory at 0x188e3096338 of 96 bytes failed: Only part of a ReadProcessMemory or WriteProcessMemory request was completed. (0x12B)
[0702/001358.918:ERROR:process_memory_win.cc(73)] ReadMemory at 0x188e30963b0 of 58 bytes failed: Only part of a ReadProcessMemory or WriteProcessMemory request was completed. (0x12B)
[0702/001358.918:ERROR:process_memory_win.cc(73)] ReadMemory at 0x188e30964b0 of 132 bytes failed: Only part of a ReadProcessMemory or WriteProcessMemory request was completed. (0x12B)
[0702/001358.918:ERROR:process_memory_win.cc(73)] ReadMemory at 0x188e3096640 of 132 bytes failed: Only part of a ReadProcessMemory or WriteProcessMemory request was completed. (0x12B)
[0702/001358.918:ERROR:process_memory_win.cc(73)] ReadMemory at 0x188e3096800 of 126 bytes failed: Only part of a ReadProcessMemory or WriteProcessMemory request was completed. (0x12B)
[0702/001358.918:ERROR:process_memory_win.cc(73)] ReadMemory at 0x188e3096be0 of 132 bytes failed: Only part of a ReadProcessMemory or WriteProcessMemory request was completed. (0x12B)
[0702/001358.918:ERROR:process_memory_win.cc(73)] ReadMemory at 0x188e3096d70 of 64 bytes failed: Only part of a ReadProcessMemory or WriteProcessMemory request was completed. (0x12B)
[0702/001358.918:ERROR:process_memory_win.cc(73)] ReadMemory at 0x188e30971c0 of 132 bytes failed: Only part of a ReadProcessMemory or WriteProcessMemory request was completed. (0x12B)
[0702/001358.918:ERROR:process_memory_win.cc(73)] ReadMemory at 0x188e3097350 of 68 bytes failed: Only part of a ReadProcessMemory or WriteProcessMemory request was completed. (0x12B)
[0702/001358.918:ERROR:process_memory_win.cc(73)] ReadMemory at 0x188e3098180 of 132 bytes failed: Only part of a ReadProcessMemory or WriteProcessMemory request was completed. (0x12B)
[0702/001358.918:ERROR:process_memory_win.cc(73)] ReadMemory at 0x188e30982b0 of 132 bytes failed: Only part of a ReadProcessMemory or WriteProcessMemory request was completed. (0x12B)
[0702/001358.918:ERROR:process_memory_win.cc(73)] ReadMemory at 0x188e30983e0 of 62 bytes failed: Only part of a ReadProcessMemory or WriteProcessMemory request was completed. (0x12B)
[0702/001358.918:ERROR:process_memory_win.cc(73)] ReadMemory at 0x188e3098590 of 246 bytes failed: Only part of a ReadProcessMemory or WriteProcessMemory request was completed. (0x12B)
[0702/001358.918:ERROR:process_memory_win.cc(73)] ReadMemory at 0x188e30987e0 of 132 bytes failed: Only part of a ReadProcessMemory or WriteProcessMemory request was completed. (0x12B)
[0702/001358.918:ERROR:process_memory_win.cc(73)] ReadMemory at 0x188e3098970 of 60 bytes failed: Only part of a ReadProcessMemory or WriteProcessMemory request was completed. (0x12B)
[0702/001358.918:ERROR:process_memory_win.cc(73)] ReadMemory at 0x188e30989c0 of 158 bytes failed: Only part of a ReadProcessMemory or WriteProcessMemory request was completed. (0x12B)
[0702/001358.919:ERROR:process_memory_win.cc(73)] ReadMemory at 0x188e3098bc0 of 132 bytes failed: Only part of a ReadProcessMemory or WriteProcessMemory request was completed. (0x12B)
[0702/001358.919:ERROR:process_memory_win.cc(73)] ReadMemory at 0x188e3098d50 of 64 bytes failed: Only part of a ReadProcessMemory or WriteProcessMemory request was completed. (0x12B)
[0702/001358.919:ERROR:process_memory_win.cc(73)] ReadMemory at 0x188e3098fd0 of 132 bytes failed: Only part of a ReadProcessMemory or WriteProcessMemory request was completed. (0x12B)
[0702/001358.919:ERROR:process_memory_win.cc(73)] ReadMemory at 0x188e3099160 of 64 bytes failed: Only part of a ReadProcessMemory or WriteProcessMemory request was completed. (0x12B)
[0702/001358.919:ERROR:process_memory_win.cc(73)] ReadMemory at 0x188e30993c0 of 132 bytes failed: Only part of a ReadProcessMemory or WriteProcessMemory request was completed. (0x12B)
[0702/001358.919:ERROR:process_memory_win.cc(73)] ReadMemory at 0x188e3099550 of 60 bytes failed: Only part of a ReadProcessMemory or WriteProcessMemory request was completed. (0x12B)
[0702/001358.919:ERROR:process_memory_win.cc(73)] ReadMemory at 0x188e3099870 of 132 bytes failed: Only part of a ReadProcessMemory or WriteProcessMemory request was completed. (0x12B)
[0702/001358.919:ERROR:process_memory_win.cc(73)] ReadMemory at 0x188e3099a00 of 60 bytes failed: Only part of a ReadProcessMemory or WriteProcessMemory request was completed. (0x12B)
[0702/001358.919:ERROR:process_memory_win.cc(73)] ReadMemory at 0x188e3099c40 of 132 bytes failed: Only part of a ReadProcessMemory or WriteProcessMemory request was completed. (0x12B)
[0702/001358.919:ERROR:process_memory_win.cc(73)] ReadMemory at 0x188e3099dd0 of 62 bytes failed: Only part of a ReadProcessMemory or WriteProcessMemory request was completed. (0x12B)
[0702/001358.919:ERROR:process_memory_win.cc(73)] ReadMemory at 0x188e309a140 of 132 bytes failed: Only part of a ReadProcessMemory or WriteProcessMemory request was completed. (0x12B)
[0702/001358.919:ERROR:process_memory_win.cc(73)] ReadMemory at 0x188e309a2d0 of 80 bytes failed: Only part of a ReadProcessMemory or WriteProcessMemory request was completed. (0x12B)
[0702/001358.919:ERROR:process_memory_win.cc(73)] ReadMemory at 0x188e309ab68 of 512 bytes failed: Only part of a ReadProcessMemory or WriteProcessMemory request was completed. (0x12B)
[0702/001358.919:ERROR:process_memory_win.cc(73)] ReadMemory at 0x188e309c910 of 132 bytes failed: Only part of a ReadProcessMemory or WriteProcessMemory request was completed. (0x12B)
[0702/001358.919:ERROR:process_memory_win.cc(73)] ReadMemory at 0x188e309cd30 of 78 bytes failed: Only part of a ReadProcessMemory or WriteProcessMemory request was completed. (0x12B)
[0702/001358.919:ERROR:process_memory_win.cc(73)] ReadMemory at 0x188e309ce50 of 76 bytes failed: Only part of a ReadProcessMemory or WriteProcessMemory request was completed. (0x12B)
[0702/001358.919:ERROR:process_memory_win.cc(73)] ReadMemory at 0x188e309de70 of 132 bytes failed: Only part of a ReadProcessMemory or WriteProcessMemory request was completed. (0x12B)
[0702/001358.919:ERROR:process_memory_win.cc(73)] ReadMemory at 0x188e309dfa0 of 64 bytes failed: Only part of a ReadProcessMemory or WriteProcessMemory request was completed. (0x12B)
[0702/001358.919:ERROR:process_memory_win.cc(73)] ReadMemory at 0x188e309e210 of 132 bytes failed: Only part of a ReadProcessMemory or WriteProcessMemory request was completed. (0x12B)
[0702/001358.919:ERROR:process_memory_win.cc(73)] ReadMemory at 0x188e309e340 of 62 bytes failed: Only part of a ReadProcessMemory or WriteProcessMemory request was completed. (0x12B)
[0702/001358.919:ERROR:process_memory_win.cc(73)] ReadMemory at 0x188e309e570 of 132 bytes failed: Only part of a ReadProcessMemory or WriteProcessMemory request was completed. (0x12B)
[0702/001358.919:ERROR:process_memory_win.cc(73)] ReadMemory at 0x188e309e6a0 of 62 bytes failed: Only part of a ReadProcessMemory or WriteProcessMemory request was completed. (0x12B)
[0702/001358.919:ERROR:process_memory_win.cc(73)] ReadMemory at 0x188e309e9a0 of 132 bytes failed: Only part of a ReadProcessMemory or WriteProcessMemory request was completed. (0x12B)
[0702/001358.919:ERROR:process_memory_win.cc(73)] ReadMemory at 0x188e309ead0 of 132 bytes failed: Only part of a ReadProcessMemory or WriteProcessMemory request was completed. (0x12B)
[0702/001358.919:ERROR:process_memory_win.cc(73)] ReadMemory at 0x188e309ec00 of 132 bytes failed: Only part of a ReadProcessMemory or WriteProcessMemory request was completed. (0x12B)
[0702/001358.919:ERROR:process_memory_win.cc(73)] ReadMemory at 0x188e309ed30 of 132 bytes failed: Only part of a ReadProcessMemory or WriteProcessMemory request was completed. (0x12B)
[0702/001358.919:ERROR:process_memory_win.cc(73)] ReadMemory at 0x188e309ee60 of 132 bytes failed: Only part of a ReadProcessMemory or WriteProcessMemory request was completed. (0x12B)
[0702/001358.919:ERROR:process_memory_win.cc(73)] ReadMemory at 0x188e309ef90 of 132 bytes failed: Only part of a ReadProcessMemory or WriteProcessMemory request was completed. (0x12B)
[0702/001358.919:ERROR:process_memory_win.cc(73)] ReadMemory at 0x188e309f0c0 of 132 bytes failed: Only part of a ReadProcessMemory or WriteProcessMemory request was completed. (0x12B)
[0702/001358.919:ERROR:process_memory_win.cc(73)] ReadMemory at 0x188e309f1f0 of 132 bytes failed: Only part of a ReadProcessMemory or WriteProcessMemory request was completed. (0x12B)
[0702/001358.920:ERROR:process_memory_win.cc(73)] ReadMemory at 0x188e309f320 of 132 bytes failed: Only part of a ReadProcessMemory or WriteProcessMemory request was completed. (0x12B)
[0702/001358.920:ERROR:process_memory_win.cc(73)] ReadMemory at 0x188e309f450 of 132 bytes failed: Only part of a ReadProcessMemory or WriteProcessMemory request was completed. (0x12B)
[0702/001358.920:ERROR:process_memory_win.cc(73)] ReadMemory at 0x188e309f580 of 132 bytes failed: Only part of a ReadProcessMemory or WriteProcessMemory request was completed. (0x12B)
[0702/001358.920:ERROR:process_memory_win.cc(73)] ReadMemory at 0x188e309f7e0 of 132 bytes failed: Only part of a ReadProcessMemory or WriteProcessMemory request was completed. (0x12B)
[0702/001358.920:ERROR:process_memory_win.cc(73)] ReadMemory at 0x188e309f9b0 of 66 bytes failed: Only part of a ReadProcessMemory or WriteProcessMemory request was completed. (0x12B)
[0702/001358.920:ERROR:process_memory_win.cc(73)] ReadMemory at 0x188e309fa00 of 64 bytes failed: Only part of a ReadProcessMemory or WriteProcessMemory request was completed. (0x12B)
[0702/001358.920:ERROR:process_memory_win.cc(73)] ReadMemory at 0x188e309fa50 of 60 bytes failed: Only part of a ReadProcessMemory or WriteProcessMemory request was completed. (0x12B)
[0702/001358.920:ERROR:process_memory_win.cc(73)] ReadMemory at 0x188e309faa0 of 66 bytes failed: Only part of a ReadProcessMemory or WriteProcessMemory request was completed. (0x12B)
[0702/001358.920:ERROR:process_memory_win.cc(73)] ReadMemory at 0x188e309fb90 of 60 bytes failed: Only part of a ReadProcessMemory or WriteProcessMemory request was completed. (0x12B)
[0702/001358.920:ERROR:process_memory_win.cc(73)] ReadMemory at 0x188e309fcd0 of 58 bytes failed: Only part of a ReadProcessMemory or WriteProcessMemory request was completed. (0x12B)
[0702/001358.920:ERROR:process_memory_win.cc(73)] ReadMemory at 0x188e309fe60 of 62 bytes failed: Only part of a ReadProcessMemory or WriteProcessMemory request was completed. (0x12B)
[0702/001358.920:ERROR:process_memory_win.cc(73)] ReadMemory at 0x188e309feb0 of 62 bytes failed: Only part of a ReadProcessMemory or WriteProcessMemory request was completed. (0x12B)
[0702/001358.920:ERROR:process_memory_win.cc(73)] ReadMemory at 0x188e309ff00 of 66 bytes failed: Only part of a ReadProcessMemory or WriteProcessMemory request was completed. (0x12B)
[0702/001358.920:ERROR:process_memory_win.cc(73)] ReadMemory at 0x188e309ff50 of 58 bytes failed: Only part of a ReadProcessMemory or WriteProcessMemory request was completed. (0x12B)
[0702/001358.920:ERROR:process_memory_win.cc(73)] ReadMemory at 0x188e309fff0 of 60 bytes failed: Only part of a ReadProcessMemory or WriteProcessMemory request was completed. (0x12B)
[0702/001358.920:ERROR:process_memory_win.cc(73)] ReadMemory at 0x188e30a0040 of 62 bytes failed: Only part of a ReadProcessMemory or WriteProcessMemory request was completed. (0x12B)
[0702/001358.920:ERROR:process_memory_win.cc(73)] ReadMemory at 0x188e30a0570 of 512 bytes failed: Only part of a ReadProcessMemory or WriteProcessMemory request was completed. (0x12B)
[0702/001358.921:ERROR:process_memory_win.cc(73)] ReadMemory at 0x188e30a1a90 of 154 bytes failed: Only part of a ReadProcessMemory or WriteProcessMemory request was completed. (0x12B)
[0702/001358.921:ERROR:process_memory_win.cc(73)] ReadMemory at 0x188e30a3f80 of 80 bytes failed: Only part of a ReadProcessMemory or WriteProcessMemory request was completed. (0x12B)
[0702/001358.921:ERROR:process_memory_win.cc(73)] ReadMemory at 0x188e30a6910 of 132 bytes failed: Only part of a ReadProcessMemory or WriteProcessMemory request was completed. (0x12B)
[0702/001358.921:ERROR:process_memory_win.cc(73)] ReadMemory at 0x188e30a6a40 of 132 bytes failed: Only part of a ReadProcessMemory or WriteProcessMemory request was completed. (0x12B)
[0702/001358.921:ERROR:process_memory_win.cc(73)] ReadMemory at 0x188e30a6b70 of 132 bytes failed: Only part of a ReadProcessMemory or WriteProcessMemory request was completed. (0x12B)
[0702/001358.921:ERROR:process_memory_win.cc(73)] ReadMemory at 0x188e30a6ca0 of 132 bytes failed: Only part of a ReadProcessMemory or WriteProcessMemory request was completed. (0x12B)
[0702/001358.921:ERROR:process_memory_win.cc(73)] ReadMemory at 0x188e30a6dd0 of 132 bytes failed: Only part of a ReadProcessMemory or WriteProcessMemory request was completed. (0x12B)
[0702/001359.353:ERROR:process_memory_win.cc(73)] ReadMemory at 0x188e30a7030 of 132 bytes failed: Only part of a ReadProcessMemory or WriteProcessMemory request was completed. (0x12B)
[0702/001359.353:ERROR:process_memory_win.cc(73)] ReadMemory at 0x188e30a7160 of 132 bytes failed: Only part of a ReadProcessMemory or WriteProcessMemory request was completed. (0x12B)
[0702/001359.354:ERROR:process_memory_win.cc(73)] ReadMemory at 0x188e30a7290 of 132 bytes failed: Only part of a ReadProcessMemory or WriteProcessMemory request was completed. (0x12B)
[0702/001359.354:ERROR:process_memory_win.cc(73)] ReadMemory at 0x188e30a73c0 of 132 bytes failed: Only part of a ReadProcessMemory or WriteProcessMemory request was completed. (0x12B)
[0702/001359.354:ERROR:process_memory_win.cc(73)] ReadMemory at 0x188e30a74f0 of 132 bytes failed: Only part of a ReadProcessMemory or WriteProcessMemory request was completed. (0x12B)
[0702/001359.354:ERROR:process_memory_win.cc(73)] ReadMemory at 0x188e30a7620 of 132 bytes failed: Only part of a ReadProcessMemory or WriteProcessMemory request was completed. (0x12B)
[0702/001359.354:ERROR:process_memory_win.cc(73)] ReadMemory at 0x188e30a7750 of 132 bytes failed: Only part of a ReadProcessMemory or WriteProcessMemory request was completed. (0x12B)
[0702/001359.354:ERROR:process_memory_win.cc(73)] ReadMemory at 0x188e30a7880 of 132 bytes failed: Only part of a ReadProcessMemory or WriteProcessMemory request was completed. (0x12B)
[0702/001359.354:ERROR:process_memory_win.cc(73)] ReadMemory at 0x188e30a79b0 of 132 bytes failed: Only part of a ReadProcessMemory or WriteProcessMemory request was completed. (0x12B)
[0702/001359.354:ERROR:process_memory_win.cc(73)] ReadMemory at 0x188e30a7ae0 of 132 bytes failed: Only part of a ReadProcessMemory or WriteProcessMemory request was completed. (0x12B)
[0702/001359.354:ERROR:process_memory_win.cc(73)] ReadMemory at 0x188e30a7c10 of 132 bytes failed: Only part of a ReadProcessMemory or WriteProcessMemory request was completed. (0x12B)
[0702/001359.354:ERROR:process_memory_win.cc(73)] ReadMemory at 0x188e30a7d40 of 132 bytes failed: Only part of a ReadProcessMemory or WriteProcessMemory request was completed. (0x12B)
[0702/001359.354:ERROR:process_memory_win.cc(73)] ReadMemory at 0x188e30a7e70 of 132 bytes failed: Only part of a ReadProcessMemory or WriteProcessMemory request was completed. (0x12B)
[0702/001359.354:ERROR:process_memory_win.cc(73)] ReadMemory at 0x188e30a7fa0 of 132 bytes failed: Only part of a ReadProcessMemory or WriteProcessMemory request was completed. (0x12B)
[0702/001359.354:ERROR:process_memory_win.cc(73)] ReadMemory at 0x188e30a80d0 of 132 bytes failed: Only part of a ReadProcessMemory or WriteProcessMemory request was completed. (0x12B)
[0702/001359.354:ERROR:process_memory_win.cc(73)] ReadMemory at 0x188e30a8200 of 132 bytes failed: Only part of a ReadProcessMemory or WriteProcessMemory request was completed. (0x12B)
[0702/001359.354:ERROR:process_memory_win.cc(73)] ReadMemory at 0x188e30a8330 of 132 bytes failed: Only part of a ReadProcessMemory or WriteProcessMemory request was completed. (0x12B)
[0702/001359.354:ERROR:process_memory_win.cc(73)] ReadMemory at 0x188e30a8460 of 132 bytes failed: Only part of a ReadProcessMemory or WriteProcessMemory request was completed. (0x12B)
[0702/001359.354:ERROR:process_memory_win.cc(73)] ReadMemory at 0x188e30a8590 of 132 bytes failed: Only part of a ReadProcessMemory or WriteProcessMemory request was completed. (0x12B)
[0702/001359.354:ERROR:process_memory_win.cc(73)] ReadMemory at 0x188e30a86c0 of 132 bytes failed: Only part of a ReadProcessMemory or WriteProcessMemory request was completed. (0x12B)
[0702/001359.354:ERROR:process_memory_win.cc(73)] ReadMemory at 0x188e30aa110 of 58 bytes failed: Only part of a ReadProcessMemory or WriteProcessMemory request was completed. (0x12B)
[0702/001359.354:ERROR:process_memory_win.cc(73)] ReadMemory at 0x188e30aabb0 of 66 bytes failed: Only part of a ReadProcessMemory or WriteProcessMemory request was completed. (0x12B)
[0702/001359.354:ERROR:process_memory_win.cc(73)] ReadMemory at 0x188e30af630 of 54 bytes failed: Only part of a ReadProcessMemory or WriteProcessMemory request was completed. (0x12B)
[0702/001359.354:ERROR:process_memory_win.cc(73)] ReadMemory at 0x188e30b2310 of 64 bytes failed: Only part of a ReadProcessMemory or WriteProcessMemory request was completed. (0x12B)
[0702/001359.354:ERROR:process_memory_win.cc(73)] ReadMemory at 0x188e30b23b0 of 64 bytes failed: Only part of a ReadProcessMemory or WriteProcessMemory request was completed. (0x12B)
[0702/001359.354:ERROR:process_memory_win.cc(73)] ReadMemory at 0x188e30b2400 of 60 bytes failed: Only part of a ReadProcessMemory or WriteProcessMemory request was completed. (0x12B)
[0702/001359.354:ERROR:process_memory_win.cc(73)] ReadMemory at 0x188e30b2450 of 62 bytes failed: Only part of a ReadProcessMemory or WriteProcessMemory request was completed. (0x12B)
[0702/001359.354:ERROR:process_memory_win.cc(73)] ReadMemory at 0x188e30b2540 of 64 bytes failed: Only part of a ReadProcessMemory or WriteProcessMemory request was completed. (0x12B)
[0702/001359.355:ERROR:process_memory_win.cc(73)] ReadMemory at 0x188e30b2590 of 56 bytes failed: Only part of a ReadProcessMemory or WriteProcessMemory request was completed. (0x12B)
[0702/001359.355:ERROR:process_memory_win.cc(73)] ReadMemory at 0x188e30b25e0 of 60 bytes failed: Only part of a ReadProcessMemory or WriteProcessMemory request was completed. (0x12B)
[0702/001359.355:ERROR:process_memory_win.cc(73)] ReadMemory at 0x188e30b2630 of 64 bytes failed: Only part of a ReadProcessMemory or WriteProcessMemory request was completed. (0x12B)
[0702/001359.355:ERROR:process_memory_win.cc(73)] ReadMemory at 0x188e30b2720 of 62 bytes failed: Only part of a ReadProcessMemory or WriteProcessMemory request was completed. (0x12B)
[0702/001359.355:ERROR:process_memory_win.cc(73)] ReadMemory at 0x188e30b2860 of 62 bytes failed: Only part of a ReadProcessMemory or WriteProcessMemory request was completed. (0x12B)
[0702/001359.355:ERROR:process_memory_win.cc(73)] ReadMemory at 0x188e30b29a0 of 64 bytes failed: Only part of a ReadProcessMemory or WriteProcessMemory request was completed. (0x12B)
[0702/001359.355:ERROR:process_memory_win.cc(73)] ReadMemory at 0x188e30b29f0 of 62 bytes failed: Only part of a ReadProcessMemory or WriteProcessMemory request was completed. (0x12B)
[0702/001359.355:ERROR:process_memory_win.cc(73)] ReadMemory at 0x188e30b2b30 of 62 bytes failed: Only part of a ReadProcessMemory or WriteProcessMemory request was completed. (0x12B)
[0702/001359.355:ERROR:process_memory_win.cc(73)] ReadMemory at 0x188e30b2c70 of 60 bytes failed: Only part of a ReadProcessMemory or WriteProcessMemory request was completed. (0x12B)
[0702/001359.355:ERROR:process_memory_win.cc(73)] ReadMemory at 0x188e30b2d10 of 58 bytes failed: Only part of a ReadProcessMemory or WriteProcessMemory request was completed. (0x12B)
[0702/001359.355:ERROR:process_memory_win.cc(73)] ReadMemory at 0x188e30b2db0 of 60 bytes failed: Only part of a ReadProcessMemory or WriteProcessMemory request was completed. (0x12B)
[0702/001359.355:ERROR:process_memory_win.cc(73)] ReadMemory at 0x188e30b2e00 of 62 bytes failed: Only part of a ReadProcessMemory or WriteProcessMemory request was completed. (0x12B)
[0702/001359.355:ERROR:process_memory_win.cc(73)] ReadMemory at 0x188e30b2e50 of 60 bytes failed: Only part of a ReadProcessMemory or WriteProcessMemory request was completed. (0x12B)
[0702/001359.355:ERROR:process_memory_win.cc(73)] ReadMemory at 0x188e30b2ea0 of 64 bytes failed: Only part of a ReadProcessMemory or WriteProcessMemory request was completed. (0x12B)
[0702/001359.355:ERROR:process_memory_win.cc(73)] ReadMemory at 0x188e30b2f90 of 64 bytes failed: Only part of a ReadProcessMemory or WriteProcessMemory request was completed. (0x12B)
[0702/001359.355:ERROR:process_memory_win.cc(73)] ReadMemory at 0x188e30b2fe0 of 60 bytes failed: Only part of a ReadProcessMemory or WriteProcessMemory request was completed. (0x12B)
[0702/001359.355:ERROR:process_memory_win.cc(73)] ReadMemory at 0x188e30b3030 of 58 bytes failed: Only part of a ReadProcessMemory or WriteProcessMemory request was completed. (0x12B)
[0702/001359.355:ERROR:process_memory_win.cc(73)] ReadMemory at 0x188e30b3120 of 64 bytes failed: Only part of a ReadProcessMemory or WriteProcessMemory request was completed. (0x12B)
[0702/001359.355:ERROR:process_memory_win.cc(73)] ReadMemory at 0x188e30be4d0 of 132 bytes failed: Only part of a ReadProcessMemory or WriteProcessMemory request was completed. (0x12B)
[0702/001359.355:ERROR:process_memory_win.cc(73)] ReadMemory at 0x188e30bed20 of 132 bytes failed: Only part of a ReadProcessMemory or WriteProcessMemory request was completed. (0x12B)
[0702/001359.355:ERROR:process_memory_win.cc(73)] ReadMemory at 0x188e30bfa30 of 132 bytes failed: Only part of a ReadProcessMemory or WriteProcessMemory request was completed. (0x12B)
[0702/001359.355:ERROR:process_memory_win.cc(73)] ReadMemory at 0x188e30bfc90 of 132 bytes failed: Only part of a ReadProcessMemory or WriteProcessMemory request was completed. (0x12B)
[0702/001359.355:ERROR:process_memory_win.cc(73)] ReadMemory at 0x188e30bfef0 of 132 bytes failed: Only part of a ReadProcessMemory or WriteProcessMemory request was completed. (0x12B)
[0702/001359.355:ERROR:process_memory_win.cc(73)] ReadMemory at 0x188e30cec30 of 512 bytes failed: Only part of a ReadProcessMemory or WriteProcessMemory request was completed. (0x12B)
[0702/001359.355:ERROR:process_memory_win.cc(73)] ReadMemory at 0x188e3540ca0 of 560 bytes failed: Only part of a ReadProcessMemory or WriteProcessMemory request was completed. (0x12B)
[0702/001359.355:ERROR:process_memory_win.cc(73)] ReadMemory at 0x188e35c5db0 of 512 bytes failed: Only part of a ReadProcessMemory or WriteProcessMemory request was completed. (0x12B)
[0702/001359.355:ERROR:process_memory_win.cc(73)] ReadMemory at 0x188e35d14a0 of 512 bytes failed: Only part of a ReadProcessMemory or WriteProcessMemory request was completed. (0x12B)
[0702/001359.356:ERROR:process_memory_win.cc(73)] ReadMemory at 0x188e35e67d8 of 512 bytes failed: Only part of a ReadProcessMemory or WriteProcessMemory request was completed. (0x12B)
[0702/001359.356:ERROR:process_memory_win.cc(73)] ReadMemory at 0x188e35e8cb0 of 712 bytes failed: Only part of a ReadProcessMemory or WriteProcessMemory request was completed. (0x12B)
[0702/001359.356:ERROR:process_memory_win.cc(73)] ReadMemory at 0x188e35f0d80 of 512 bytes failed: Only part of a ReadProcessMemory or WriteProcessMemory request was completed. (0x12B)
[0702/001359.356:ERROR:process_memory_win.cc(73)] ReadMemory at 0x188e3640180 of 512 bytes failed: Only part of a ReadProcessMemory or WriteProcessMemory request was completed. (0x12B)
[0702/001359.356:ERROR:process_memory_win.cc(73)] ReadMemory at 0x188e3642f80 of 512 bytes failed: Only part of a ReadProcessMemory or WriteProcessMemory request was completed. (0x12B)
[0702/001359.356:ERROR:process_memory_win.cc(73)] ReadMemory at 0x188e3643190 of 512 bytes failed: Only part of a ReadProcessMemory or WriteProcessMemory request was completed. (0x12B)
[0702/001359.356:ERROR:process_memory_win.cc(73)] ReadMemory at 0x188e3643660 of 512 bytes failed: Only part of a ReadProcessMemory or WriteProcessMemory request was completed. (0x12B)
[0702/001359.356:ERROR:process_memory_win.cc(73)] ReadMemory at 0x188e65fefd0 of 512 bytes failed: Only part of a ReadProcessMemory or WriteProcessMemory request was completed. (0x12B)
[0702/001359.356:ERROR:process_memory_win.cc(73)] ReadMemory at 0x188e726ff80 of 512 bytes failed: Only part of a ReadProcessMemory or WriteProcessMemory request was completed. (0x12B)
[0702/001359.356:ERROR:process_memory_win.cc(73)] ReadMemory at 0x188e85c9f90 of 512 bytes failed: Only part of a ReadProcessMemory or WriteProcessMemory request was completed. (0x12B)
[0702/001359.356:ERROR:process_memory_win.cc(73)] ReadMemory at 0x7ffad8b8078c of 512 bytes failed: Only part of a ReadProcessMemory or WriteProcessMemory request was completed. (0x12B)
[0702/001359.356:ERROR:process_memory_win.cc(73)] ReadMemory at 0x7ffadac58a9c of 512 bytes failed: Only part of a ReadProcessMemory or WriteProcessMemory request was completed. (0x12B)
[0702/001359.356:ERROR:process_memory_win.cc(73)] ReadMemory at 0x7ffadbfcb557 of 740 bytes failed: Only part of a ReadProcessMemory or WriteProcessMemory request was completed. (0x12B)
[0702/001359.356:ERROR:process_memory_win.cc(73)] ReadMemory at 0x7ffb019f583a of 512 bytes failed: Only part of a ReadProcessMemory or WriteProcessMemory request was completed. (0x12B)
[0702/001359.356:ERROR:process_memory_win.cc(73)] ReadMemory at 0x7ffb019f6091 of 512 bytes failed: Only part of a ReadProcessMemory or WriteProcessMemory request was completed. (0x12B)
[0702/001359.356:ERROR:process_memory_win.cc(73)] ReadMemory at 0x7ffb144d0e00 of 512 bytes failed: Only part of a ReadProcessMemory or WriteProcessMemory request was completed. (0x12B)
[0702/001359.356:ERROR:process_memory_win.cc(73)] ReadMemory at 0x7ffb16cb79f0 of 512 bytes failed: Only part of a ReadProcessMemory or WriteProcessMemory request was completed. (0x12B)
[0702/001359.356:ERROR:process_memory_win.cc(73)] ReadMemory at 0x7ffb16cb82e0 of 512 bytes failed: Only part of a ReadProcessMemory or WriteProcessMemory request was completed. (0x12B)
[0702/001359.356:ERROR:process_memory_win.cc(73)] ReadMemory at 0x7ffb16cba0d0 of 512 bytes failed: Only part of a ReadProcessMemory or WriteProcessMemory request was completed. (0x12B)
[0702/001359.356:ERROR:process_memory_win.cc(73)] ReadMemory at 0x7ffb16d2a9a4 of 672 bytes failed: Only part of a ReadProcessMemory or WriteProcessMemory request was completed. (0x12B)
[0702/001359.356:ERROR:process_memory_win.cc(73)] ReadMemory at 0x7ffb16d2e214 of 608 bytes failed: Only part of a ReadProcessMemory or WriteProcessMemory request was completed. (0x12B)
[0702/001359.356:ERROR:process_memory_win.cc(73)] ReadMemory at 0x7ffb16da9380 of 512 bytes failed: Only part of a ReadProcessMemory or WriteProcessMemory request was completed. (0x12B)
[0702/001359.356:ERROR:process_memory_win.cc(73)] ReadMemory at 0x7ffb16db01e0 of 18 bytes failed: Only part of a ReadProcessMemory or WriteProcessMemory request was completed. (0x12B)
[0702/001359.356:ERROR:process_memory_win.cc(73)] ReadMemory at 0x7ffb16de65b0 of 40 bytes failed: Only part of a ReadProcessMemory or WriteProcessMemory request was completed. (0x12B)
[0702/001359.356:ERROR:process_memory_win.cc(73)] ReadMemory at 0x7ffb16de6a08 of 48 bytes failed: Only part of a ReadProcessMemory or WriteProcessMemory request was completed. (0x12B)
[0702/001359.356:ERROR:process_memory_win.cc(73)] ReadMemory at 0x7ffb16dec360 of 64 bytes failed: Only part of a ReadProcessMemory or WriteProcessMemory request was completed. (0x12B)
[0702/001401.917:ERROR:scoped_process_suspend.cc(40)] NtResumeProcess: An attempt was made to access an exiting process. (0xc000010a)
